2020-04-12 14:19:00.771  INFO 4460 --- [restartedMain] c.c.c.ConfigServicePropertySourceLocator : Fetching config from server at : http://localhost:9196
2020-04-12 14:19:04.037  INFO 6536 --- [restartedMain] c.c.c.ConfigServicePropertySourceLocator : Fetching config from server at : http://localhost:9196
2020-04-12 14:19:05.696  INFO 4460 --- [restartedMain] c.c.c.ConfigServicePropertySourceLocator : Located environment: name=ORDER-SERVICE, profiles=[default], label=null, version=aa1952d40122d3ecbb64437abfb4441c824975ec, state=null
2020-04-12 14:19:05.701  INFO 4460 --- [restartedMain] b.c.PropertySourceBootstrapConfiguration : Located property source: [BootstrapPropertySource {name='bootstrapProperties-configClient'}, BootstrapPropertySource {name='bootstrapProperties-https://github.com/rohitdhingra/cloud-config-server/application.yml'}]
2020-04-12 14:19:05.801  INFO 4460 --- [restartedMain] c.e.os.api.OrderServiceApplication       : No active profile set, falling back to default profiles: default
2020-04-12 14:19:07.211  INFO 6536 --- [restartedMain] c.c.c.ConfigServicePropertySourceLocator : Located environment: name=PAYMENT-SERVICE, profiles=[default], label=null, version=aa1952d40122d3ecbb64437abfb4441c824975ec, state=null
2020-04-12 14:19:07.212  INFO 6536 --- [restartedMain] b.c.PropertySourceBootstrapConfiguration : Located property source: [BootstrapPropertySource {name='bootstrapProperties-configClient'}, BootstrapPropertySource {name='bootstrapProperties-https://github.com/rohitdhingra/cloud-config-server/application.yml'}]
2020-04-12 14:19:07.317  INFO 6536 --- [restartedMain] c.e.ps.api.PaymentServiceApplication     : No active profile set, falling back to default profiles: default
2020-04-12 14:19:07.417  INFO 4460 --- [restartedMain] .s.d.r.c.RepositoryConfigurationDelegate : Bootstrapping Spring Data JPA repositories in DEFAULT mode.
2020-04-12 14:19:07.619  INFO 4460 --- [restartedMain] .s.d.r.c.RepositoryConfigurationDelegate : Finished Spring Data repository scanning in 162ms. Found 1 JPA repository interfaces.
2020-04-12 14:19:07.945  INFO 4460 --- [restartedMain] o.s.cloud.context.scope.GenericScope     : BeanFactory id=3f6b3df7-dea0-3b13-b6ac-2640cc7856d4
2020-04-12 14:19:08.141  INFO 6536 --- [restartedMain] .s.d.r.c.RepositoryConfigurationDelegate : Bootstrapping Spring Data JPA repositories in DEFAULT mode.
2020-04-12 14:19:08.218  INFO 6536 --- [restartedMain] .s.d.r.c.RepositoryConfigurationDelegate : Finished Spring Data repository scanning in 63ms. Found 1 JPA repository interfaces.
2020-04-12 14:19:08.535  INFO 6536 --- [restartedMain] o.s.cloud.context.scope.GenericScope     : BeanFactory id=032bf740-6997-3337-81c2-2b8768078041
2020-04-12 14:19:08.662  INFO 4460 --- [restartedMain] o.s.b.w.embedded.tomcat.TomcatWebServer  : Tomcat initialized with port(s): 9192 (http)
2020-04-12 14:19:08.668  INFO 4460 --- [restartedMain] o.apache.catalina.core.StandardService   : Starting service [Tomcat]
2020-04-12 14:19:08.670  INFO 4460 --- [restartedMain] org.apache.catalina.core.StandardEngine  : Starting Servlet engine: [Apache Tomcat/9.0.33]
2020-04-12 14:19:08.822  INFO 4460 --- [restartedMain] o.a.c.c.C.[Tomcat].[localhost].[/]       : Initializing Spring embedded WebApplicationContext
2020-04-12 14:19:08.822  INFO 4460 --- [restartedMain] o.s.web.context.ContextLoader            : Root WebApplicationContext: initialization completed in 2996 ms
2020-04-12 14:19:08.885  INFO 4460 --- [restartedMain] com.zaxxer.hikari.HikariDataSource       : HikariPool-1 - Starting...
2020-04-12 14:19:09.151  INFO 6536 --- [restartedMain] o.s.b.w.embedded.tomcat.TomcatWebServer  : Tomcat initialized with port(s): 9191 (http)
2020-04-12 14:19:09.159  INFO 6536 --- [restartedMain] o.apache.catalina.core.StandardService   : Starting service [Tomcat]
2020-04-12 14:19:09.159  INFO 6536 --- [restartedMain] org.apache.catalina.core.StandardEngine  : Starting Servlet engine: [Apache Tomcat/9.0.33]
2020-04-12 14:19:09.178  INFO 4460 --- [restartedMain] com.zaxxer.hikari.HikariDataSource       : HikariPool-1 - Start completed.
2020-04-12 14:19:09.182  INFO 4460 --- [restartedMain] o.s.b.a.h2.H2ConsoleAutoConfiguration    : H2 console available at '/h2-console'. Database available at 'jdbc:h2:mem:testdb'
2020-04-12 14:19:09.310  INFO 6536 --- [restartedMain] o.a.c.c.C.[Tomcat].[localhost].[/]       : Initializing Spring embedded WebApplicationContext
2020-04-12 14:19:09.313  INFO 6536 --- [restartedMain] o.s.web.context.ContextLoader            : Root WebApplicationContext: initialization completed in 1964 ms
2020-04-12 14:19:09.363  INFO 6536 --- [restartedMain] com.zaxxer.hikari.HikariDataSource       : HikariPool-1 - Starting...
2020-04-12 14:19:09.490  INFO 6536 --- [restartedMain] com.zaxxer.hikari.HikariDataSource       : HikariPool-1 - Start completed.
2020-04-12 14:19:09.498  INFO 6536 --- [restartedMain] o.s.b.a.h2.H2ConsoleAutoConfiguration    : H2 console available at '/h2-console'. Database available at 'jdbc:h2:mem:testdb'
2020-04-12 14:19:09.636  INFO 4460 --- [restartedMain] o.hibernate.jpa.internal.util.LogHelper  : HHH000204: Processing PersistenceUnitInfo [name: default]
2020-04-12 14:19:09.650  INFO 6536 --- [restartedMain] o.hibernate.jpa.internal.util.LogHelper  : HHH000204: Processing PersistenceUnitInfo [name: default]
2020-04-12 14:19:09.934  INFO 6536 --- [restartedMain] org.hibernate.Version                    : HHH000412: Hibernate ORM core version 5.4.12.Final
2020-04-12 14:19:09.934  INFO 4460 --- [restartedMain] org.hibernate.Version                    : HHH000412: Hibernate ORM core version 5.4.12.Final
2020-04-12 14:19:10.742  INFO 4460 --- [restartedMain] o.hibernate.annotations.common.Version   : HCANN000001: Hibernate Commons Annotations {5.1.0.Final}
2020-04-12 14:19:10.742  INFO 6536 --- [restartedMain] o.hibernate.annotations.common.Version   : HCANN000001: Hibernate Commons Annotations {5.1.0.Final}
2020-04-12 14:19:10.981  INFO 6536 --- [restartedMain] org.hibernate.dialect.Dialect            : HHH000400: Using dialect: org.hibernate.dialect.H2Dialect
2020-04-12 14:19:10.981  INFO 4460 --- [restartedMain] org.hibernate.dialect.Dialect            : HHH000400: Using dialect: org.hibernate.dialect.H2Dialect
2020-04-12 14:19:13.629  INFO 4460 --- [restartedMain] o.h.e.t.j.p.i.JtaPlatformInitiator       : HHH000490: Using JtaPlatform implementation: [org.hibernate.engine.transaction.jta.platform.internal.NoJtaPlatform]
2020-04-12 14:19:13.641  INFO 6536 --- [restartedMain] o.h.e.t.j.p.i.JtaPlatformInitiator       : HHH000490: Using JtaPlatform implementation: [org.hibernate.engine.transaction.jta.platform.internal.NoJtaPlatform]
2020-04-12 14:19:13.646  INFO 6536 --- [restartedMain] j.LocalContainerEntityManagerFactoryBean : Initialized JPA EntityManagerFactory for persistence unit 'default'
2020-04-12 14:19:13.650  INFO 4460 --- [restartedMain] j.LocalContainerEntityManagerFactoryBean : Initialized JPA EntityManagerFactory for persistence unit 'default'
2020-04-12 14:19:13.701  WARN 4460 --- [restartedMain] o.s.b.d.a.OptionalLiveReloadServer       : Unable to start LiveReload server
2020-04-12 14:19:13.708  WARN 6536 --- [restartedMain] o.s.b.d.a.OptionalLiveReloadServer       : Unable to start LiveReload server
2020-04-12 14:19:13.791  WARN 4460 --- [restartedMain] c.n.c.sources.URLConfigurationSource     : No URLs will be polled as dynamic configuration sources.
2020-04-12 14:19:13.791  INFO 4460 --- [restartedMain] c.n.c.sources.URLConfigurationSource     : To enable URLs as dynamic configuration sources, define System property archaius.configurationSource.additionalUrls or make config.properties available on classpath.
2020-04-12 14:19:13.798  WARN 4460 --- [restartedMain] c.n.c.sources.URLConfigurationSource     : No URLs will be polled as dynamic configuration sources.
2020-04-12 14:19:13.799  INFO 4460 --- [restartedMain] c.n.c.sources.URLConfigurationSource     : To enable URLs as dynamic configuration sources, define System property archaius.configurationSource.additionalUrls or make config.properties available on classpath.
2020-04-12 14:19:13.891  WARN 4460 --- [restartedMain] JpaBaseConfiguration$JpaWebConfiguration : spring.jpa.open-in-view is enabled by default. Therefore, database queries may be performed during view rendering. Explicitly configure spring.jpa.open-in-view to disable this warning
2020-04-12 14:19:14.706  INFO 4460 --- [restartedMain] o.s.s.concurrent.ThreadPoolTaskExecutor  : Initializing ExecutorService 'applicationTaskExecutor'
2020-04-12 14:19:14.786  WARN 6536 --- [restartedMain] c.n.c.sources.URLConfigurationSource     : No URLs will be polled as dynamic configuration sources.
2020-04-12 14:19:14.787  INFO 6536 --- [restartedMain] c.n.c.sources.URLConfigurationSource     : To enable URLs as dynamic configuration sources, define System property archaius.configurationSource.additionalUrls or make config.properties available on classpath.
2020-04-12 14:19:14.792  WARN 6536 --- [restartedMain] c.n.c.sources.URLConfigurationSource     : No URLs will be polled as dynamic configuration sources.
2020-04-12 14:19:14.792  INFO 6536 --- [restartedMain] c.n.c.sources.URLConfigurationSource     : To enable URLs as dynamic configuration sources, define System property archaius.configurationSource.additionalUrls or make config.properties available on classpath.
2020-04-12 14:19:14.870  WARN 6536 --- [restartedMain] JpaBaseConfiguration$JpaWebConfiguration : spring.jpa.open-in-view is enabled by default. Therefore, database queries may be performed during view rendering. Explicitly configure spring.jpa.open-in-view to disable this warning
2020-04-12 14:19:15.037  INFO 6536 --- [restartedMain] o.s.s.concurrent.ThreadPoolTaskExecutor  : Initializing ExecutorService 'applicationTaskExecutor'
2020-04-12 14:19:15.865  WARN 4460 --- [restartedMain] ockingLoadBalancerClientRibbonWarnLogger : You already have RibbonLoadBalancerClient on your classpath. It will be used by default. As Spring Cloud Ribbon is in maintenance mode. We recommend switching to BlockingLoadBalancerClient instead. In order to use it, set the value of `spring.cloud.loadbalancer.ribbon.enabled` to `false` or remove spring-cloud-starter-netflix-ribbon from your project.
2020-04-12 14:19:15.934  WARN 6536 --- [restartedMain] ockingLoadBalancerClientRibbonWarnLogger : You already have RibbonLoadBalancerClient on your classpath. It will be used by default. As Spring Cloud Ribbon is in maintenance mode. We recommend switching to BlockingLoadBalancerClient instead. In order to use it, set the value of `spring.cloud.loadbalancer.ribbon.enabled` to `false` or remove spring-cloud-starter-netflix-ribbon from your project.
2020-04-12 14:19:16.013  INFO 4460 --- [restartedMain] o.s.c.n.eureka.InstanceInfoFactory       : Setting initial instance status as: STARTING
2020-04-12 14:19:16.055  INFO 4460 --- [restartedMain] com.netflix.discovery.DiscoveryClient    : Initializing Eureka in region us-east-1
2020-04-12 14:19:16.056  INFO 6536 --- [restartedMain] o.s.c.n.eureka.InstanceInfoFactory       : Setting initial instance status as: STARTING
2020-04-12 14:19:16.317  INFO 6536 --- [restartedMain] com.netflix.discovery.DiscoveryClient    : Initializing Eureka in region us-east-1
2020-04-12 14:19:16.879  INFO 6536 --- [restartedMain] c.n.d.provider.DiscoveryJerseyProvider   : Using JSON encoding codec LegacyJacksonJson
2020-04-12 14:19:16.879  INFO 6536 --- [restartedMain] c.n.d.provider.DiscoveryJerseyProvider   : Using JSON decoding codec LegacyJacksonJson
2020-04-12 14:19:16.976  INFO 4460 --- [restartedMain] c.n.d.provider.DiscoveryJerseyProvider   : Using JSON encoding codec LegacyJacksonJson
2020-04-12 14:19:16.977  INFO 4460 --- [restartedMain] c.n.d.provider.DiscoveryJerseyProvider   : Using JSON decoding codec LegacyJacksonJson
2020-04-12 14:19:17.359  INFO 6536 --- [restartedMain] c.n.d.provider.DiscoveryJerseyProvider   : Using XML encoding codec XStreamXml
2020-04-12 14:19:17.360  INFO 6536 --- [restartedMain] c.n.d.provider.DiscoveryJerseyProvider   : Using XML decoding codec XStreamXml
2020-04-12 14:19:17.364  INFO 4460 --- [restartedMain] c.n.d.provider.DiscoveryJerseyProvider   : Using XML encoding codec XStreamXml
2020-04-12 14:19:17.364  INFO 4460 --- [restartedMain] c.n.d.provider.DiscoveryJerseyProvider   : Using XML decoding codec XStreamXml
2020-04-12 14:19:17.578  INFO 6536 --- [restartedMain] c.n.d.s.r.aws.ConfigClusterResolver      : Resolving eureka endpoints via configuration
2020-04-12 14:19:17.580  INFO 4460 --- [restartedMain] c.n.d.s.r.aws.ConfigClusterResolver      : Resolving eureka endpoints via configuration
2020-04-12 14:19:17.828  INFO 4460 --- [restartedMain] com.netflix.discovery.DiscoveryClient    : Disable delta property : false
2020-04-12 14:19:17.828  INFO 4460 --- [restartedMain] com.netflix.discovery.DiscoveryClient    : Single vip registry refresh property : null
2020-04-12 14:19:17.829  INFO 4460 --- [restartedMain] com.netflix.discovery.DiscoveryClient    : Force full registry fetch : false
2020-04-12 14:19:17.829  INFO 4460 --- [restartedMain] com.netflix.discovery.DiscoveryClient    : Application is null : false
2020-04-12 14:19:17.829  INFO 4460 --- [restartedMain] com.netflix.discovery.DiscoveryClient    : Registered Applications size is zero : true
2020-04-12 14:19:17.829  INFO 4460 --- [restartedMain] com.netflix.discovery.DiscoveryClient    : Application version is -1: true
2020-04-12 14:19:17.829  INFO 4460 --- [restartedMain] com.netflix.discovery.DiscoveryClient    : Getting all instance registry info from the eureka server
2020-04-12 14:19:17.831  INFO 6536 --- [restartedMain] com.netflix.discovery.DiscoveryClient    : Disable delta property : false
2020-04-12 14:19:17.831  INFO 6536 --- [restartedMain] com.netflix.discovery.DiscoveryClient    : Single vip registry refresh property : null
2020-04-12 14:19:17.831  INFO 6536 --- [restartedMain] com.netflix.discovery.DiscoveryClient    : Force full registry fetch : false
2020-04-12 14:19:17.831  INFO 6536 --- [restartedMain] com.netflix.discovery.DiscoveryClient    : Application is null : false
2020-04-12 14:19:17.831  INFO 6536 --- [restartedMain] com.netflix.discovery.DiscoveryClient    : Registered Applications size is zero : true
2020-04-12 14:19:17.831  INFO 6536 --- [restartedMain] com.netflix.discovery.DiscoveryClient    : Application version is -1: true
2020-04-12 14:19:17.831  INFO 6536 --- [restartedMain] com.netflix.discovery.DiscoveryClient    : Getting all instance registry info from the eureka server
2020-04-12 14:19:18.045  INFO 4460 --- [restartedMain] com.netflix.discovery.DiscoveryClient    : The response status is 200
2020-04-12 14:19:18.055  INFO 4460 --- [restartedMain] com.netflix.discovery.DiscoveryClient    : Starting heartbeat executor: renew interval is: 30
2020-04-12 14:19:18.059  INFO 4460 --- [restartedMain] c.n.discovery.InstanceInfoReplicator     : InstanceInfoReplicator onDemand update allowed rate per min is 4
2020-04-12 14:19:18.066  INFO 6536 --- [restartedMain] com.netflix.discovery.DiscoveryClient    : The response status is 200
2020-04-12 14:19:18.072  INFO 6536 --- [restartedMain] com.netflix.discovery.DiscoveryClient    : Starting heartbeat executor: renew interval is: 30
2020-04-12 14:19:18.075  INFO 6536 --- [restartedMain] c.n.discovery.InstanceInfoReplicator     : InstanceInfoReplicator onDemand update allowed rate per min is 4
2020-04-12 14:19:18.080  INFO 4460 --- [restartedMain] com.netflix.discovery.DiscoveryClient    : Discovery Client initialized at timestamp 1586681358065 with initial instances count: 1
2020-04-12 14:19:18.085  INFO 6536 --- [restartedMain] com.netflix.discovery.DiscoveryClient    : Discovery Client initialized at timestamp 1586681358081 with initial instances count: 1
2020-04-12 14:19:18.085  INFO 4460 --- [restartedMain] o.s.c.n.e.s.EurekaServiceRegistry        : Registering application ORDER-SERVICE with eureka with status UP
2020-04-12 14:19:18.086  INFO 4460 --- [restartedMain] com.netflix.discovery.DiscoveryClient    : Saw local status change event StatusChangeEvent [timestamp=1586681358086, current=UP, previous=STARTING]
2020-04-12 14:19:18.088  INFO 6536 --- [restartedMain] o.s.c.n.e.s.EurekaServiceRegistry        : Registering application PAYMENT-SERVICE with eureka with status UP
2020-04-12 14:19:18.090  INFO 6536 --- [restartedMain] com.netflix.discovery.DiscoveryClient    : Saw local status change event StatusChangeEvent [timestamp=1586681358090, current=UP, previous=STARTING]
2020-04-12 14:19:18.093  INFO 4460 --- [DiscoveryClient-InstanceInfoReplicator-0] com.netflix.discovery.DiscoveryClient    : DiscoveryClient_ORDER-SERVICE/DESKTOP-TQ58HNN:ORDER-SERVICE:9192: registering service...
2020-04-12 14:19:18.096  INFO 6536 --- [DiscoveryClient-InstanceInfoReplicator-0] com.netflix.discovery.DiscoveryClient    : DiscoveryClient_PAYMENT-SERVICE/DESKTOP-TQ58HNN:PAYMENT-SERVICE:9191: registering service...
2020-04-12 14:19:18.162  INFO 6536 --- [DiscoveryClient-InstanceInfoReplicator-0] com.netflix.discovery.DiscoveryClient    : DiscoveryClient_PAYMENT-SERVICE/DESKTOP-TQ58HNN:PAYMENT-SERVICE:9191 - registration status: 204
2020-04-12 14:19:18.172  INFO 4460 --- [DiscoveryClient-InstanceInfoReplicator-0] com.netflix.discovery.DiscoveryClient    : DiscoveryClient_ORDER-SERVICE/DESKTOP-TQ58HNN:ORDER-SERVICE:9192 - registration status: 204
2020-04-12 14:19:18.216  INFO 4460 --- [restartedMain] o.s.b.w.embedded.tomcat.TomcatWebServer  : Tomcat started on port(s): 9192 (http) with context path ''
2020-04-12 14:19:18.216  INFO 6536 --- [restartedMain] o.s.b.w.embedded.tomcat.TomcatWebServer  : Tomcat started on port(s): 9191 (http) with context path ''
2020-04-12 14:19:18.217  INFO 4460 --- [restartedMain] .s.c.n.e.s.EurekaAutoServiceRegistration : Updating port to 9192
2020-04-12 14:19:18.217  INFO 6536 --- [restartedMain] .s.c.n.e.s.EurekaAutoServiceRegistration : Updating port to 9191
2020-04-12 14:19:18.557  INFO 4460 --- [restartedMain] c.e.os.api.OrderServiceApplication       : Started OrderServiceApplication in 19.97 seconds (JVM running for 21.571)
2020-04-12 14:19:18.557  INFO 6536 --- [restartedMain] c.e.ps.api.PaymentServiceApplication     : Started PaymentServiceApplication in 15.841 seconds (JVM running for 16.808)
2020-04-12 14:24:17.836  INFO 6536 --- [AsyncResolver-bootstrap-executor-0] c.n.d.s.r.aws.ConfigClusterResolver      : Resolving eureka endpoints via configuration
2020-04-12 14:24:17.836  INFO 4460 --- [AsyncResolver-bootstrap-executor-0] c.n.d.s.r.aws.ConfigClusterResolver      : Resolving eureka endpoints via configuration
2020-04-12 14:29:17.844  INFO 4460 --- [AsyncResolver-bootstrap-executor-0] c.n.d.s.r.aws.ConfigClusterResolver      : Resolving eureka endpoints via configuration
2020-04-12 14:29:17.844  INFO 6536 --- [AsyncResolver-bootstrap-executor-0] c.n.d.s.r.aws.ConfigClusterResolver      : Resolving eureka endpoints via configuration
2020-04-12 14:34:17.851  INFO 4460 --- [AsyncResolver-bootstrap-executor-0] c.n.d.s.r.aws.ConfigClusterResolver      : Resolving eureka endpoints via configuration
2020-04-12 14:34:17.851  INFO 6536 --- [AsyncResolver-bootstrap-executor-0] c.n.d.s.r.aws.ConfigClusterResolver      : Resolving eureka endpoints via configuration
2020-04-12 14:34:29.074  INFO 4460 --- [http-nio-9192-exec-1] o.a.c.c.C.[Tomcat].[localhost].[/]       : Initializing Spring DispatcherServlet 'dispatcherServlet'
2020-04-12 14:34:29.076  INFO 4460 --- [http-nio-9192-exec-1] o.s.web.servlet.DispatcherServlet        : Initializing Servlet 'dispatcherServlet'
2020-04-12 14:34:29.666  INFO 4460 --- [http-nio-9192-exec-1] o.s.web.servlet.DispatcherServlet        : Completed initialization in 588 ms
2020-04-12 14:34:30.371 ERROR 4460 --- [http-nio-9192-exec-1] o.a.c.c.C.[.[.[/].[dispatcherServlet]    : Servlet.service() for servlet [dispatcherServlet] in context with path [] threw exception [Handler dispatch failed; nested exception is java.lang.Error: Unresolved compilation problem: 
	Unhandled exception type JsonProcessingException
] with root cause

java.lang.Error: Unresolved compilation problem: 
	Unhandled exception type JsonProcessingException

	at com.example.os.api.controller.OrderController.bookOrder(OrderController.java:26) ~[classes/:na]
	at sun.reflect.NativeMethodAccessorImpl.invoke0(Native Method) ~[na:1.8.0_201]
	at sun.reflect.NativeMethodAccessorImpl.invoke(Unknown Source) ~[na:1.8.0_201]
	at sun.reflect.DelegatingMethodAccessorImpl.invoke(Unknown Source) ~[na:1.8.0_201]
	at java.lang.reflect.Method.invoke(Unknown Source) ~[na:1.8.0_201]
	at org.springframework.web.method.support.InvocableHandlerMethod.doInvoke(InvocableHandlerMethod.java:190) ~[spring-web-5.2.5.RELEASE.jar:5.2.5.RELEASE]
	at org.springframework.web.method.support.InvocableHandlerMethod.invokeForRequest(InvocableHandlerMethod.java:138) ~[spring-web-5.2.5.RELEASE.jar:5.2.5.RELEASE]
	at org.springframework.web.servlet.mvc.method.annotation.ServletInvocableHandlerMethod.invokeAndHandle(ServletInvocableHandlerMethod.java:105) ~[spring-webmvc-5.2.5.RELEASE.jar:5.2.5.RELEASE]
	at org.springframework.web.servlet.mvc.method.annotation.RequestMappingHandlerAdapter.invokeHandlerMethod(RequestMappingHandlerAdapter.java:879) ~[spring-webmvc-5.2.5.RELEASE.jar:5.2.5.RELEASE]
	at org.springframework.web.servlet.mvc.method.annotation.RequestMappingHandlerAdapter.handleInternal(RequestMappingHandlerAdapter.java:793) ~[spring-webmvc-5.2.5.RELEASE.jar:5.2.5.RELEASE]
	at org.springframework.web.servlet.mvc.method.AbstractHandlerMethodAdapter.handle(AbstractHandlerMethodAdapter.java:87) ~[spring-webmvc-5.2.5.RELEASE.jar:5.2.5.RELEASE]
	at org.springframework.web.servlet.DispatcherServlet.doDispatch(DispatcherServlet.java:1040) ~[spring-webmvc-5.2.5.RELEASE.jar:5.2.5.RELEASE]
	at org.springframework.web.servlet.DispatcherServlet.doService(DispatcherServlet.java:943) ~[spring-webmvc-5.2.5.RELEASE.jar:5.2.5.RELEASE]
	at org.springframework.web.servlet.FrameworkServlet.processRequest(FrameworkServlet.java:1006) ~[spring-webmvc-5.2.5.RELEASE.jar:5.2.5.RELEASE]
	at org.springframework.web.servlet.FrameworkServlet.doPost(FrameworkServlet.java:909) ~[spring-webmvc-5.2.5.RELEASE.jar:5.2.5.RELEASE]
	at javax.servlet.http.HttpServlet.service(HttpServlet.java:660) ~[tomcat-embed-core-9.0.33.jar:9.0.33]
	at org.springframework.web.servlet.FrameworkServlet.service(FrameworkServlet.java:883) ~[spring-webmvc-5.2.5.RELEASE.jar:5.2.5.RELEASE]
	at javax.servlet.http.HttpServlet.service(HttpServlet.java:741) ~[tomcat-embed-core-9.0.33.jar:9.0.33]
	at org.apache.catalina.core.ApplicationFilterChain.internalDoFilter(ApplicationFilterChain.java:231) ~[tomcat-embed-core-9.0.33.jar:9.0.33]
	at org.apache.catalina.core.ApplicationFilterChain.doFilter(ApplicationFilterChain.java:166) ~[tomcat-embed-core-9.0.33.jar:9.0.33]
	at org.apache.tomcat.websocket.server.WsFilter.doFilter(WsFilter.java:53) ~[tomcat-embed-websocket-9.0.33.jar:9.0.33]
	at org.apache.catalina.core.ApplicationFilterChain.internalDoFilter(ApplicationFilterChain.java:193) ~[tomcat-embed-core-9.0.33.jar:9.0.33]
	at org.apache.catalina.core.ApplicationFilterChain.doFilter(ApplicationFilterChain.java:166) ~[tomcat-embed-core-9.0.33.jar:9.0.33]
	at org.springframework.web.filter.RequestContextFilter.doFilterInternal(RequestContextFilter.java:100) ~[spring-web-5.2.5.RELEASE.jar:5.2.5.RELEASE]
	at org.springframework.web.filter.OncePerRequestFilter.doFilter(OncePerRequestFilter.java:119) ~[spring-web-5.2.5.RELEASE.jar:5.2.5.RELEASE]
	at org.apache.catalina.core.ApplicationFilterChain.internalDoFilter(ApplicationFilterChain.java:193) ~[tomcat-embed-core-9.0.33.jar:9.0.33]
	at org.apache.catalina.core.ApplicationFilterChain.doFilter(ApplicationFilterChain.java:166) ~[tomcat-embed-core-9.0.33.jar:9.0.33]
	at org.springframework.web.filter.FormContentFilter.doFilterInternal(FormContentFilter.java:93) ~[spring-web-5.2.5.RELEASE.jar:5.2.5.RELEASE]
	at org.springframework.web.filter.OncePerRequestFilter.doFilter(OncePerRequestFilter.java:119) ~[spring-web-5.2.5.RELEASE.jar:5.2.5.RELEASE]
	at org.apache.catalina.core.ApplicationFilterChain.internalDoFilter(ApplicationFilterChain.java:193) ~[tomcat-embed-core-9.0.33.jar:9.0.33]
	at org.apache.catalina.core.ApplicationFilterChain.doFilter(ApplicationFilterChain.java:166) ~[tomcat-embed-core-9.0.33.jar:9.0.33]
	at org.springframework.web.filter.CharacterEncodingFilter.doFilterInternal(CharacterEncodingFilter.java:201) ~[spring-web-5.2.5.RELEASE.jar:5.2.5.RELEASE]
	at org.springframework.web.filter.OncePerRequestFilter.doFilter(OncePerRequestFilter.java:119) ~[spring-web-5.2.5.RELEASE.jar:5.2.5.RELEASE]
	at org.apache.catalina.core.ApplicationFilterChain.internalDoFilter(ApplicationFilterChain.java:193) ~[tomcat-embed-core-9.0.33.jar:9.0.33]
	at org.apache.catalina.core.ApplicationFilterChain.doFilter(ApplicationFilterChain.java:166) ~[tomcat-embed-core-9.0.33.jar:9.0.33]
	at org.apache.catalina.core.StandardWrapperValve.invoke(StandardWrapperValve.java:202) ~[tomcat-embed-core-9.0.33.jar:9.0.33]
	at org.apache.catalina.core.StandardContextValve.invoke(StandardContextValve.java:96) [tomcat-embed-core-9.0.33.jar:9.0.33]
	at org.apache.catalina.authenticator.AuthenticatorBase.invoke(AuthenticatorBase.java:541) [tomcat-embed-core-9.0.33.jar:9.0.33]
	at org.apache.catalina.core.StandardHostValve.invoke(StandardHostValve.java:139) [tomcat-embed-core-9.0.33.jar:9.0.33]
	at org.apache.catalina.valves.ErrorReportValve.invoke(ErrorReportValve.java:92) [tomcat-embed-core-9.0.33.jar:9.0.33]
	at org.apache.catalina.core.StandardEngineValve.invoke(StandardEngineValve.java:74) [tomcat-embed-core-9.0.33.jar:9.0.33]
	at org.apache.catalina.connector.CoyoteAdapter.service(CoyoteAdapter.java:343) [tomcat-embed-core-9.0.33.jar:9.0.33]
	at org.apache.coyote.http11.Http11Processor.service(Http11Processor.java:373) [tomcat-embed-core-9.0.33.jar:9.0.33]
	at org.apache.coyote.AbstractProcessorLight.process(AbstractProcessorLight.java:65) [tomcat-embed-core-9.0.33.jar:9.0.33]
	at org.apache.coyote.AbstractProtocol$ConnectionHandler.process(AbstractProtocol.java:868) [tomcat-embed-core-9.0.33.jar:9.0.33]
	at org.apache.tomcat.util.net.NioEndpoint$SocketProcessor.doRun(NioEndpoint.java:1594) [tomcat-embed-core-9.0.33.jar:9.0.33]
	at org.apache.tomcat.util.net.SocketProcessorBase.run(SocketProcessorBase.java:49) [tomcat-embed-core-9.0.33.jar:9.0.33]
	at java.util.concurrent.ThreadPoolExecutor.runWorker(Unknown Source) [na:1.8.0_201]
	at java.util.concurrent.ThreadPoolExecutor$Worker.run(Unknown Source) [na:1.8.0_201]
	at org.apache.tomcat.util.threads.TaskThread$WrappingRunnable.run(TaskThread.java:61) [tomcat-embed-core-9.0.33.jar:9.0.33]
	at java.lang.Thread.run(Unknown Source) [na:1.8.0_201]

2020-04-12 14:34:41.222  INFO 6536 --- [RMI TCP Connection(30)-127.0.0.1] inMXBeanRegistrar$SpringApplicationAdmin : Application shutdown requested.
2020-04-12 14:34:41.277  INFO 6536 --- [RMI TCP Connection(30)-127.0.0.1] o.s.c.n.e.s.EurekaServiceRegistry        : Unregistering application PAYMENT-SERVICE with eureka with status DOWN
2020-04-12 14:34:41.279  WARN 6536 --- [RMI TCP Connection(30)-127.0.0.1] com.netflix.discovery.DiscoveryClient    : Saw local status change event StatusChangeEvent [timestamp=1586682281279, current=DOWN, previous=UP]
2020-04-12 14:34:41.280  INFO 6536 --- [DiscoveryClient-InstanceInfoReplicator-0] com.netflix.discovery.DiscoveryClient    : DiscoveryClient_PAYMENT-SERVICE/DESKTOP-TQ58HNN:PAYMENT-SERVICE:9191: registering service...
2020-04-12 14:34:41.322  INFO 6536 --- [RMI TCP Connection(30)-127.0.0.1] o.s.s.concurrent.ThreadPoolTaskExecutor  : Shutting down ExecutorService 'applicationTaskExecutor'
2020-04-12 14:34:41.365  INFO 6536 --- [DiscoveryClient-InstanceInfoReplicator-0] com.netflix.discovery.DiscoveryClient    : DiscoveryClient_PAYMENT-SERVICE/DESKTOP-TQ58HNN:PAYMENT-SERVICE:9191 - registration status: 204
2020-04-12 14:34:41.424  INFO 6536 --- [RMI TCP Connection(30)-127.0.0.1] j.LocalContainerEntityManagerFactoryBean : Closing JPA EntityManagerFactory for persistence unit 'default'
2020-04-12 14:34:41.432  INFO 6536 --- [RMI TCP Connection(30)-127.0.0.1] .SchemaDropperImpl$DelayedDropActionImpl : HHH000477: Starting delayed evictData of schema as part of SessionFactory shut-down'
2020-04-12 14:34:41.819  WARN 6536 --- [RMI TCP Connection(30)-127.0.0.1] o.s.b.f.support.DisposableBeanAdapter    : Invocation of destroy method failed on bean with name 'inMemoryDatabaseShutdownExecutor': org.h2.jdbc.JdbcSQLNonTransientConnectionException: Database is already closed (to disable automatic closing at VM shutdown, add ";DB_CLOSE_ON_EXIT=FALSE" to the db URL) [90121-200]
2020-04-12 14:34:41.822  INFO 6536 --- [RMI TCP Connection(30)-127.0.0.1] com.zaxxer.hikari.HikariDataSource       : HikariPool-1 - Shutdown initiated...
2020-04-12 14:34:41.840  INFO 6536 --- [RMI TCP Connection(30)-127.0.0.1] com.zaxxer.hikari.HikariDataSource       : HikariPool-1 - Shutdown completed.
2020-04-12 14:34:41.855  INFO 6536 --- [RMI TCP Connection(30)-127.0.0.1] com.netflix.discovery.DiscoveryClient    : Shutting down DiscoveryClient ...
2020-04-12 14:34:44.866  INFO 6536 --- [RMI TCP Connection(30)-127.0.0.1] com.netflix.discovery.DiscoveryClient    : Unregistering ...
2020-04-12 14:34:45.244  INFO 6536 --- [RMI TCP Connection(30)-127.0.0.1] com.netflix.discovery.DiscoveryClient    : DiscoveryClient_PAYMENT-SERVICE/DESKTOP-TQ58HNN:PAYMENT-SERVICE:9191 - deregister  status: 200
2020-04-12 14:34:45.315  INFO 6536 --- [RMI TCP Connection(30)-127.0.0.1] com.netflix.discovery.DiscoveryClient    : Completed shut down of DiscoveryClient
2020-04-12 14:34:45.582  INFO 6536 --- [RMI TCP Connection(30)-127.0.0.1] o.apache.catalina.core.StandardService   : Stopping service [Tomcat]
2020-04-12 14:34:57.088  INFO 4460 --- [RMI TCP Connection(31)-127.0.0.1] inMXBeanRegistrar$SpringApplicationAdmin : Application shutdown requested.
2020-04-12 14:34:57.152  INFO 4460 --- [RMI TCP Connection(31)-127.0.0.1] o.s.c.n.e.s.EurekaServiceRegistry        : Unregistering application ORDER-SERVICE with eureka with status DOWN
2020-04-12 14:34:57.153  WARN 4460 --- [RMI TCP Connection(31)-127.0.0.1] com.netflix.discovery.DiscoveryClient    : Saw local status change event StatusChangeEvent [timestamp=1586682297153, current=DOWN, previous=UP]
2020-04-12 14:34:57.154  INFO 4460 --- [DiscoveryClient-InstanceInfoReplicator-0] com.netflix.discovery.DiscoveryClient    : DiscoveryClient_ORDER-SERVICE/DESKTOP-TQ58HNN:ORDER-SERVICE:9192: registering service...
2020-04-12 14:34:57.167  INFO 4460 --- [RMI TCP Connection(31)-127.0.0.1] o.s.s.concurrent.ThreadPoolTaskExecutor  : Shutting down ExecutorService 'applicationTaskExecutor'
2020-04-12 14:34:57.169  INFO 4460 --- [DiscoveryClient-InstanceInfoReplicator-0] com.netflix.discovery.DiscoveryClient    : DiscoveryClient_ORDER-SERVICE/DESKTOP-TQ58HNN:ORDER-SERVICE:9192 - registration status: 204
2020-04-12 14:34:57.173  INFO 4460 --- [RMI TCP Connection(31)-127.0.0.1] j.LocalContainerEntityManagerFactoryBean : Closing JPA EntityManagerFactory for persistence unit 'default'
2020-04-12 14:34:57.180  INFO 4460 --- [RMI TCP Connection(31)-127.0.0.1] .SchemaDropperImpl$DelayedDropActionImpl : HHH000477: Starting delayed evictData of schema as part of SessionFactory shut-down'
2020-04-12 14:34:57.733  WARN 4460 --- [RMI TCP Connection(31)-127.0.0.1] o.s.b.f.support.DisposableBeanAdapter    : Invocation of destroy method failed on bean with name 'inMemoryDatabaseShutdownExecutor': org.h2.jdbc.JdbcSQLNonTransientConnectionException: Database is already closed (to disable automatic closing at VM shutdown, add ";DB_CLOSE_ON_EXIT=FALSE" to the db URL) [90121-200]
2020-04-12 14:34:57.733  INFO 4460 --- [RMI TCP Connection(31)-127.0.0.1] com.zaxxer.hikari.HikariDataSource       : HikariPool-1 - Shutdown initiated...
2020-04-12 14:34:57.988  INFO 4460 --- [RMI TCP Connection(31)-127.0.0.1] com.zaxxer.hikari.HikariDataSource       : HikariPool-1 - Shutdown completed.
2020-04-12 14:34:57.989  INFO 4460 --- [RMI TCP Connection(31)-127.0.0.1] com.netflix.discovery.DiscoveryClient    : Shutting down DiscoveryClient ...
2020-04-12 14:35:01.000  INFO 4460 --- [RMI TCP Connection(31)-127.0.0.1] com.netflix.discovery.DiscoveryClient    : Unregistering ...
2020-04-12 14:35:01.029  INFO 4460 --- [RMI TCP Connection(31)-127.0.0.1] com.netflix.discovery.DiscoveryClient    : DiscoveryClient_ORDER-SERVICE/DESKTOP-TQ58HNN:ORDER-SERVICE:9192 - deregister  status: 200
2020-04-12 14:35:01.075  INFO 4460 --- [RMI TCP Connection(31)-127.0.0.1] com.netflix.discovery.DiscoveryClient    : Completed shut down of DiscoveryClient
2020-04-12 14:35:01.563  INFO 4460 --- [RMI TCP Connection(31)-127.0.0.1] o.apache.catalina.core.StandardService   : Stopping service [Tomcat]
2020-04-12 14:35:01.567  INFO 4460 --- [RMI TCP Connection(31)-127.0.0.1] o.a.c.c.C.[Tomcat].[localhost].[/]       : Destroying Spring FrameworkServlet 'dispatcherServlet'
2020-04-12 14:35:05.114  INFO 10176 --- [restartedMain] c.c.c.ConfigServicePropertySourceLocator : Fetching config from server at : http://localhost:9196
2020-04-12 14:35:12.358  INFO 10176 --- [restartedMain] c.c.c.ConfigServicePropertySourceLocator : Located environment: name=PAYMENT-SERVICE, profiles=[default], label=null, version=aa1952d40122d3ecbb64437abfb4441c824975ec, state=null
2020-04-12 14:35:12.364  INFO 10176 --- [restartedMain] b.c.PropertySourceBootstrapConfiguration : Located property source: [BootstrapPropertySource {name='bootstrapProperties-configClient'}, BootstrapPropertySource {name='bootstrapProperties-https://github.com/rohitdhingra/cloud-config-server/application.yml'}]
2020-04-12 14:35:12.630  INFO 12868 --- [restartedMain] c.c.c.ConfigServicePropertySourceLocator : Fetching config from server at : http://localhost:9196
2020-04-12 14:35:13.069  INFO 10176 --- [restartedMain] c.e.ps.api.PaymentServiceApplication     : No active profile set, falling back to default profiles: default
2020-04-12 14:35:14.721  INFO 12868 --- [restartedMain] c.c.c.ConfigServicePropertySourceLocator : Located environment: name=ORDER-SERVICE, profiles=[default], label=null, version=aa1952d40122d3ecbb64437abfb4441c824975ec, state=null
2020-04-12 14:35:14.724  INFO 12868 --- [restartedMain] b.c.PropertySourceBootstrapConfiguration : Located property source: [BootstrapPropertySource {name='bootstrapProperties-configClient'}, BootstrapPropertySource {name='bootstrapProperties-https://github.com/rohitdhingra/cloud-config-server/application.yml'}]
2020-04-12 14:35:14.797  INFO 12868 --- [restartedMain] c.e.os.api.OrderServiceApplication       : No active profile set, falling back to default profiles: default
2020-04-12 14:35:16.028  INFO 10176 --- [restartedMain] .s.d.r.c.RepositoryConfigurationDelegate : Bootstrapping Spring Data JPA repositories in DEFAULT mode.
2020-04-12 14:35:16.028  INFO 12868 --- [restartedMain] .s.d.r.c.RepositoryConfigurationDelegate : Bootstrapping Spring Data JPA repositories in DEFAULT mode.
2020-04-12 14:35:16.261  INFO 10176 --- [restartedMain] .s.d.r.c.RepositoryConfigurationDelegate : Finished Spring Data repository scanning in 212ms. Found 1 JPA repository interfaces.
2020-04-12 14:35:16.261  INFO 12868 --- [restartedMain] .s.d.r.c.RepositoryConfigurationDelegate : Finished Spring Data repository scanning in 212ms. Found 1 JPA repository interfaces.
2020-04-12 14:35:17.201  INFO 12868 --- [restartedMain] o.s.cloud.context.scope.GenericScope     : BeanFactory id=3f6b3df7-dea0-3b13-b6ac-2640cc7856d4
2020-04-12 14:35:17.202  INFO 10176 --- [restartedMain] o.s.cloud.context.scope.GenericScope     : BeanFactory id=032bf740-6997-3337-81c2-2b8768078041
2020-04-12 14:35:19.677  INFO 12868 --- [restartedMain] o.s.b.w.embedded.tomcat.TomcatWebServer  : Tomcat initialized with port(s): 9192 (http)
2020-04-12 14:35:19.683  INFO 10176 --- [restartedMain] o.s.b.w.embedded.tomcat.TomcatWebServer  : Tomcat initialized with port(s): 9191 (http)
2020-04-12 14:35:19.698  INFO 12868 --- [restartedMain] o.apache.catalina.core.StandardService   : Starting service [Tomcat]
2020-04-12 14:35:19.699  INFO 12868 --- [restartedMain] org.apache.catalina.core.StandardEngine  : Starting Servlet engine: [Apache Tomcat/9.0.33]
2020-04-12 14:35:19.703  INFO 10176 --- [restartedMain] o.apache.catalina.core.StandardService   : Starting service [Tomcat]
2020-04-12 14:35:19.709  INFO 10176 --- [restartedMain] org.apache.catalina.core.StandardEngine  : Starting Servlet engine: [Apache Tomcat/9.0.33]
2020-04-12 14:35:19.978  INFO 12868 --- [restartedMain] o.a.c.c.C.[Tomcat].[localhost].[/]       : Initializing Spring embedded WebApplicationContext
2020-04-12 14:35:19.978  INFO 10176 --- [restartedMain] o.a.c.c.C.[Tomcat].[localhost].[/]       : Initializing Spring embedded WebApplicationContext
2020-04-12 14:35:19.979  INFO 10176 --- [restartedMain] o.s.web.context.ContextLoader            : Root WebApplicationContext: initialization completed in 6854 ms
2020-04-12 14:35:19.979  INFO 12868 --- [restartedMain] o.s.web.context.ContextLoader            : Root WebApplicationContext: initialization completed in 5154 ms
2020-04-12 14:35:20.131  INFO 10176 --- [restartedMain] com.zaxxer.hikari.HikariDataSource       : HikariPool-1 - Starting...
2020-04-12 14:35:20.131  INFO 12868 --- [restartedMain] com.zaxxer.hikari.HikariDataSource       : HikariPool-1 - Starting...
2020-04-12 14:35:21.739  INFO 10176 --- [restartedMain] com.zaxxer.hikari.HikariDataSource       : HikariPool-1 - Start completed.
2020-04-12 14:35:21.739  INFO 12868 --- [restartedMain] com.zaxxer.hikari.HikariDataSource       : HikariPool-1 - Start completed.
2020-04-12 14:35:21.766  INFO 10176 --- [restartedMain] o.s.b.a.h2.H2ConsoleAutoConfiguration    : H2 console available at '/h2-console'. Database available at 'jdbc:h2:mem:testdb'
2020-04-12 14:35:21.766  INFO 12868 --- [restartedMain] o.s.b.a.h2.H2ConsoleAutoConfiguration    : H2 console available at '/h2-console'. Database available at 'jdbc:h2:mem:testdb'
2020-04-12 14:35:22.483  INFO 12868 --- [restartedMain] o.hibernate.jpa.internal.util.LogHelper  : HHH000204: Processing PersistenceUnitInfo [name: default]
2020-04-12 14:35:22.485  INFO 10176 --- [restartedMain] o.hibernate.jpa.internal.util.LogHelper  : HHH000204: Processing PersistenceUnitInfo [name: default]
2020-04-12 14:35:25.055  INFO 10176 --- [restartedMain] org.hibernate.Version                    : HHH000412: Hibernate ORM core version 5.4.12.Final
2020-04-12 14:35:25.055  INFO 12868 --- [restartedMain] org.hibernate.Version                    : HHH000412: Hibernate ORM core version 5.4.12.Final
2020-04-12 14:35:30.542  INFO 10176 --- [restartedMain] o.hibernate.annotations.common.Version   : HCANN000001: Hibernate Commons Annotations {5.1.0.Final}
2020-04-12 14:35:30.542  INFO 12868 --- [restartedMain] o.hibernate.annotations.common.Version   : HCANN000001: Hibernate Commons Annotations {5.1.0.Final}
2020-04-12 14:35:32.957  INFO 10176 --- [restartedMain] org.hibernate.dialect.Dialect            : HHH000400: Using dialect: org.hibernate.dialect.H2Dialect
2020-04-12 14:35:32.957  INFO 12868 --- [restartedMain] org.hibernate.dialect.Dialect            : HHH000400: Using dialect: org.hibernate.dialect.H2Dialect
2020-04-12 14:35:37.937  INFO 12868 --- [restartedMain] o.h.e.t.j.p.i.JtaPlatformInitiator       : HHH000490: Using JtaPlatform implementation: [org.hibernate.engine.transaction.jta.platform.internal.NoJtaPlatform]
2020-04-12 14:35:37.949  INFO 10176 --- [restartedMain] o.h.e.t.j.p.i.JtaPlatformInitiator       : HHH000490: Using JtaPlatform implementation: [org.hibernate.engine.transaction.jta.platform.internal.NoJtaPlatform]
2020-04-12 14:35:37.950  INFO 12868 --- [restartedMain] j.LocalContainerEntityManagerFactoryBean : Initialized JPA EntityManagerFactory for persistence unit 'default'
2020-04-12 14:35:37.961  INFO 10176 --- [restartedMain] j.LocalContainerEntityManagerFactoryBean : Initialized JPA EntityManagerFactory for persistence unit 'default'
2020-04-12 14:35:38.055  WARN 12868 --- [restartedMain] o.s.b.d.a.OptionalLiveReloadServer       : Unable to start LiveReload server
2020-04-12 14:35:38.058  WARN 10176 --- [restartedMain] o.s.b.d.a.OptionalLiveReloadServer       : Unable to start LiveReload server
2020-04-12 14:35:38.383  WARN 12868 --- [restartedMain] c.n.c.sources.URLConfigurationSource     : No URLs will be polled as dynamic configuration sources.
2020-04-12 14:35:38.384  INFO 12868 --- [restartedMain] c.n.c.sources.URLConfigurationSource     : To enable URLs as dynamic configuration sources, define System property archaius.configurationSource.additionalUrls or make config.properties available on classpath.
2020-04-12 14:35:38.471  WARN 12868 --- [restartedMain] c.n.c.sources.URLConfigurationSource     : No URLs will be polled as dynamic configuration sources.
2020-04-12 14:35:38.472  INFO 12868 --- [restartedMain] c.n.c.sources.URLConfigurationSource     : To enable URLs as dynamic configuration sources, define System property archaius.configurationSource.additionalUrls or make config.properties available on classpath.
2020-04-12 14:35:38.653  WARN 12868 --- [restartedMain] JpaBaseConfiguration$JpaWebConfiguration : spring.jpa.open-in-view is enabled by default. Therefore, database queries may be performed during view rendering. Explicitly configure spring.jpa.open-in-view to disable this warning
2020-04-12 14:35:40.368  INFO 12868 --- [restartedMain] o.s.s.concurrent.ThreadPoolTaskExecutor  : Initializing ExecutorService 'applicationTaskExecutor'
2020-04-12 14:35:40.417  WARN 10176 --- [restartedMain] c.n.c.sources.URLConfigurationSource     : No URLs will be polled as dynamic configuration sources.
2020-04-12 14:35:40.421  INFO 10176 --- [restartedMain] c.n.c.sources.URLConfigurationSource     : To enable URLs as dynamic configuration sources, define System property archaius.configurationSource.additionalUrls or make config.properties available on classpath.
2020-04-12 14:35:40.431  WARN 10176 --- [restartedMain] c.n.c.sources.URLConfigurationSource     : No URLs will be polled as dynamic configuration sources.
2020-04-12 14:35:40.431  INFO 10176 --- [restartedMain] c.n.c.sources.URLConfigurationSource     : To enable URLs as dynamic configuration sources, define System property archaius.configurationSource.additionalUrls or make config.properties available on classpath.
2020-04-12 14:35:40.560  WARN 10176 --- [restartedMain] JpaBaseConfiguration$JpaWebConfiguration : spring.jpa.open-in-view is enabled by default. Therefore, database queries may be performed during view rendering. Explicitly configure spring.jpa.open-in-view to disable this warning
2020-04-12 14:35:40.843  INFO 10176 --- [restartedMain] o.s.s.concurrent.ThreadPoolTaskExecutor  : Initializing ExecutorService 'applicationTaskExecutor'
2020-04-12 14:35:42.683  WARN 12868 --- [restartedMain] ockingLoadBalancerClientRibbonWarnLogger : You already have RibbonLoadBalancerClient on your classpath. It will be used by default. As Spring Cloud Ribbon is in maintenance mode. We recommend switching to BlockingLoadBalancerClient instead. In order to use it, set the value of `spring.cloud.loadbalancer.ribbon.enabled` to `false` or remove spring-cloud-starter-netflix-ribbon from your project.
2020-04-12 14:35:42.730  WARN 10176 --- [restartedMain] ockingLoadBalancerClientRibbonWarnLogger : You already have RibbonLoadBalancerClient on your classpath. It will be used by default. As Spring Cloud Ribbon is in maintenance mode. We recommend switching to BlockingLoadBalancerClient instead. In order to use it, set the value of `spring.cloud.loadbalancer.ribbon.enabled` to `false` or remove spring-cloud-starter-netflix-ribbon from your project.
2020-04-12 14:35:43.162  INFO 10176 --- [restartedMain] o.s.c.n.eureka.InstanceInfoFactory       : Setting initial instance status as: STARTING
2020-04-12 14:35:43.168  INFO 12868 --- [restartedMain] o.s.c.n.eureka.InstanceInfoFactory       : Setting initial instance status as: STARTING
2020-04-12 14:35:43.343  INFO 12868 --- [restartedMain] com.netflix.discovery.DiscoveryClient    : Initializing Eureka in region us-east-1
2020-04-12 14:35:43.536  INFO 10176 --- [restartedMain] com.netflix.discovery.DiscoveryClient    : Initializing Eureka in region us-east-1
2020-04-12 14:35:45.531  INFO 10176 --- [restartedMain] c.n.d.provider.DiscoveryJerseyProvider   : Using JSON encoding codec LegacyJacksonJson
2020-04-12 14:35:45.532  INFO 10176 --- [restartedMain] c.n.d.provider.DiscoveryJerseyProvider   : Using JSON decoding codec LegacyJacksonJson
2020-04-12 14:35:45.534  INFO 12868 --- [restartedMain] c.n.d.provider.DiscoveryJerseyProvider   : Using JSON encoding codec LegacyJacksonJson
2020-04-12 14:35:45.535  INFO 12868 --- [restartedMain] c.n.d.provider.DiscoveryJerseyProvider   : Using JSON decoding codec LegacyJacksonJson
2020-04-12 14:35:46.531  INFO 10176 --- [restartedMain] c.n.d.provider.DiscoveryJerseyProvider   : Using XML encoding codec XStreamXml
2020-04-12 14:35:46.536  INFO 12868 --- [restartedMain] c.n.d.provider.DiscoveryJerseyProvider   : Using XML encoding codec XStreamXml
2020-04-12 14:35:46.536  INFO 10176 --- [restartedMain] c.n.d.provider.DiscoveryJerseyProvider   : Using XML decoding codec XStreamXml
2020-04-12 14:35:46.537  INFO 12868 --- [restartedMain] c.n.d.provider.DiscoveryJerseyProvider   : Using XML decoding codec XStreamXml
2020-04-12 14:35:47.465  INFO 12868 --- [restartedMain] c.n.d.s.r.aws.ConfigClusterResolver      : Resolving eureka endpoints via configuration
2020-04-12 14:35:47.469  INFO 10176 --- [restartedMain] c.n.d.s.r.aws.ConfigClusterResolver      : Resolving eureka endpoints via configuration
2020-04-12 14:35:48.031  INFO 12868 --- [restartedMain] com.netflix.discovery.DiscoveryClient    : Disable delta property : false
2020-04-12 14:35:48.031  INFO 10176 --- [restartedMain] com.netflix.discovery.DiscoveryClient    : Disable delta property : false
2020-04-12 14:35:48.032  INFO 12868 --- [restartedMain] com.netflix.discovery.DiscoveryClient    : Single vip registry refresh property : null
2020-04-12 14:35:48.032  INFO 10176 --- [restartedMain] com.netflix.discovery.DiscoveryClient    : Single vip registry refresh property : null
2020-04-12 14:35:48.032  INFO 12868 --- [restartedMain] com.netflix.discovery.DiscoveryClient    : Force full registry fetch : false
2020-04-12 14:35:48.032  INFO 10176 --- [restartedMain] com.netflix.discovery.DiscoveryClient    : Force full registry fetch : false
2020-04-12 14:35:48.032  INFO 12868 --- [restartedMain] com.netflix.discovery.DiscoveryClient    : Application is null : false
2020-04-12 14:35:48.033  INFO 10176 --- [restartedMain] com.netflix.discovery.DiscoveryClient    : Application is null : false
2020-04-12 14:35:48.034  INFO 12868 --- [restartedMain] com.netflix.discovery.DiscoveryClient    : Registered Applications size is zero : true
2020-04-12 14:35:48.034  INFO 10176 --- [restartedMain] com.netflix.discovery.DiscoveryClient    : Registered Applications size is zero : true
2020-04-12 14:35:48.034  INFO 12868 --- [restartedMain] com.netflix.discovery.DiscoveryClient    : Application version is -1: true
2020-04-12 14:35:48.034  INFO 10176 --- [restartedMain] com.netflix.discovery.DiscoveryClient    : Application version is -1: true
2020-04-12 14:35:48.034  INFO 12868 --- [restartedMain] com.netflix.discovery.DiscoveryClient    : Getting all instance registry info from the eureka server
2020-04-12 14:35:48.034  INFO 10176 --- [restartedMain] com.netflix.discovery.DiscoveryClient    : Getting all instance registry info from the eureka server
2020-04-12 14:35:48.468  INFO 10176 --- [restartedMain] com.netflix.discovery.DiscoveryClient    : The response status is 200
2020-04-12 14:35:48.468  INFO 12868 --- [restartedMain] com.netflix.discovery.DiscoveryClient    : The response status is 200
2020-04-12 14:35:48.491  INFO 12868 --- [restartedMain] com.netflix.discovery.DiscoveryClient    : Starting heartbeat executor: renew interval is: 30
2020-04-12 14:35:48.491  INFO 10176 --- [restartedMain] com.netflix.discovery.DiscoveryClient    : Starting heartbeat executor: renew interval is: 30
2020-04-12 14:35:48.493  INFO 10176 --- [restartedMain] c.n.discovery.InstanceInfoReplicator     : InstanceInfoReplicator onDemand update allowed rate per min is 4
2020-04-12 14:35:48.493  INFO 12868 --- [restartedMain] c.n.discovery.InstanceInfoReplicator     : InstanceInfoReplicator onDemand update allowed rate per min is 4
2020-04-12 14:35:48.553  INFO 10176 --- [restartedMain] com.netflix.discovery.DiscoveryClient    : Discovery Client initialized at timestamp 1586682348501 with initial instances count: 2
2020-04-12 14:35:48.553  INFO 12868 --- [restartedMain] com.netflix.discovery.DiscoveryClient    : Discovery Client initialized at timestamp 1586682348501 with initial instances count: 2
2020-04-12 14:35:48.559  INFO 10176 --- [restartedMain] o.s.c.n.e.s.EurekaServiceRegistry        : Registering application PAYMENT-SERVICE with eureka with status UP
2020-04-12 14:35:48.560  INFO 12868 --- [restartedMain] o.s.c.n.e.s.EurekaServiceRegistry        : Registering application ORDER-SERVICE with eureka with status UP
2020-04-12 14:35:48.561  INFO 10176 --- [restartedMain] com.netflix.discovery.DiscoveryClient    : Saw local status change event StatusChangeEvent [timestamp=1586682348561, current=UP, previous=STARTING]
2020-04-12 14:35:48.561  INFO 12868 --- [restartedMain] com.netflix.discovery.DiscoveryClient    : Saw local status change event StatusChangeEvent [timestamp=1586682348561, current=UP, previous=STARTING]
2020-04-12 14:35:48.571  INFO 10176 --- [DiscoveryClient-InstanceInfoReplicator-0] com.netflix.discovery.DiscoveryClient    : DiscoveryClient_PAYMENT-SERVICE/DESKTOP-TQ58HNN:PAYMENT-SERVICE:9191: registering service...
2020-04-12 14:35:48.572  INFO 12868 --- [DiscoveryClient-InstanceInfoReplicator-0] com.netflix.discovery.DiscoveryClient    : DiscoveryClient_ORDER-SERVICE/DESKTOP-TQ58HNN:ORDER-SERVICE:9192: registering service...
2020-04-12 14:35:49.032  INFO 12868 --- [DiscoveryClient-InstanceInfoReplicator-0] com.netflix.discovery.DiscoveryClient    : DiscoveryClient_ORDER-SERVICE/DESKTOP-TQ58HNN:ORDER-SERVICE:9192 - registration status: 204
2020-04-12 14:35:49.032  INFO 10176 --- [DiscoveryClient-InstanceInfoReplicator-0] com.netflix.discovery.DiscoveryClient    : DiscoveryClient_PAYMENT-SERVICE/DESKTOP-TQ58HNN:PAYMENT-SERVICE:9191 - registration status: 204
2020-04-12 14:35:49.848  INFO 12868 --- [restartedMain] o.s.b.w.embedded.tomcat.TomcatWebServer  : Tomcat started on port(s): 9192 (http) with context path ''
2020-04-12 14:35:49.848  INFO 10176 --- [restartedMain] o.s.b.w.embedded.tomcat.TomcatWebServer  : Tomcat started on port(s): 9191 (http) with context path ''
2020-04-12 14:35:49.852  INFO 12868 --- [restartedMain] .s.c.n.e.s.EurekaAutoServiceRegistration : Updating port to 9192
2020-04-12 14:35:49.852  INFO 10176 --- [restartedMain] .s.c.n.e.s.EurekaAutoServiceRegistration : Updating port to 9191
2020-04-12 14:35:50.198  INFO 12868 --- [restartedMain] c.e.os.api.OrderServiceApplication       : Started OrderServiceApplication in 40.495 seconds (JVM running for 43.181)
2020-04-12 14:35:50.198  INFO 10176 --- [restartedMain] c.e.ps.api.PaymentServiceApplication     : Started PaymentServiceApplication in 48.339 seconds (JVM running for 50.659)
2020-04-12 14:36:29.437  INFO 12868 --- [http-nio-9192-exec-2] o.a.c.c.C.[Tomcat].[localhost].[/]       : Initializing Spring DispatcherServlet 'dispatcherServlet'
2020-04-12 14:36:29.438  INFO 12868 --- [http-nio-9192-exec-2] o.s.web.servlet.DispatcherServlet        : Initializing Servlet 'dispatcherServlet'
2020-04-12 14:36:29.454  INFO 12868 --- [http-nio-9192-exec-2] o.s.web.servlet.DispatcherServlet        : Completed initialization in 16 ms
2020-04-12 14:36:29.556  INFO 12868 --- [http-nio-9192-exec-2] com.example.os.api.service.OrderService  : Order Service request : {"order":{"id":26,"name":"earphone","qty":5,"price":4000.0},"payment":{"paymentId":0,"paymentStatus":null,"transactionId":null,"orderId":26,"amount":4000.0}}
2020-04-12 14:36:29.978  INFO 12868 --- [http-nio-9192-exec-2] c.netflix.config.ChainedDynamicProperty  : Flipping property: PAYMENT-SERVICE.ribbon.ActiveConnectionsLimit to use NEXT property: niws.loadbalancer.availabilityFilteringRule.activeConnectionsLimit = 2147483647
2020-04-12 14:36:30.056  INFO 12868 --- [http-nio-9192-exec-2] c.n.u.concurrent.ShutdownEnabledTimer    : Shutdown hook installed for: NFLoadBalancer-PingTimer-PAYMENT-SERVICE
2020-04-12 14:36:30.058  INFO 12868 --- [http-nio-9192-exec-2] c.netflix.loadbalancer.BaseLoadBalancer  : Client: PAYMENT-SERVICE instantiated a LoadBalancer: DynamicServerListLoadBalancer:{NFLoadBalancer:name=PAYMENT-SERVICE,current list of Servers=[],Load balancer stats=Zone stats: {},Server stats: []}ServerList:null
2020-04-12 14:36:30.082  INFO 12868 --- [http-nio-9192-exec-2] c.n.l.DynamicServerListLoadBalancer      : Using serverListUpdater PollingServerListUpdater
2020-04-12 14:36:30.249  INFO 12868 --- [http-nio-9192-exec-2] c.netflix.config.ChainedDynamicProperty  : Flipping property: PAYMENT-SERVICE.ribbon.ActiveConnectionsLimit to use NEXT property: niws.loadbalancer.availabilityFilteringRule.activeConnectionsLimit = 2147483647
2020-04-12 14:36:30.256  INFO 12868 --- [http-nio-9192-exec-2] c.n.l.DynamicServerListLoadBalancer      : DynamicServerListLoadBalancer for client PAYMENT-SERVICE initialized: DynamicServerListLoadBalancer:{NFLoadBalancer:name=PAYMENT-SERVICE,current list of Servers=[localhost:9191],Load balancer stats=Zone stats: {defaultzone=[Zone:defaultzone;	Instance count:1;	Active connections count: 0;	Circuit breaker tripped count: 0;	Active connections per server: 0.0;]
},Server stats: [[Server:localhost:9191;	Zone:defaultZone;	Total Requests:0;	Successive connection failure:0;	Total blackout seconds:0;	Last connection made:Thu Jan 01 05:30:00 IST 1970;	First connection made: Thu Jan 01 05:30:00 IST 1970;	Active Connections:0;	total failure count in last (1000) msecs:0;	average resp time:0.0;	90 percentile resp time:0.0;	95 percentile resp time:0.0;	min resp time:0.0;	max resp time:0.0;	stddev resp time:0.0]
]}ServerList:org.springframework.cloud.netflix.ribbon.eureka.DomainExtractingServerList@667ecd7
2020-04-12 14:36:30.511  INFO 10176 --- [http-nio-9191-exec-1] o.a.c.c.C.[Tomcat].[localhost].[/]       : Initializing Spring DispatcherServlet 'dispatcherServlet'
2020-04-12 14:36:30.513  INFO 10176 --- [http-nio-9191-exec-1] o.s.web.servlet.DispatcherServlet        : Initializing Servlet 'dispatcherServlet'
2020-04-12 14:36:30.527  INFO 10176 --- [http-nio-9191-exec-1] o.s.web.servlet.DispatcherServlet        : Completed initialization in 14 ms
2020-04-12 14:36:30.605  INFO 10176 --- [http-nio-9191-exec-1] c.example.ps.api.service.PaymentService  : Payment Service request : {"paymentId":0,"paymentStatus":"false","transactionId":"aedffb39-7f6b-4fd0-947d-90a471834a1a","orderId":26,"amount":4000.0}
2020-04-12 14:36:30.923  INFO 12868 --- [http-nio-9192-exec-2] com.example.os.api.service.OrderService  : Payment-Service response from Order Service rest call : {"paymentId":1,"paymentStatus":"false","transactionId":"aedffb39-7f6b-4fd0-947d-90a471834a1a","orderId":26,"amount":4000.0}
2020-04-12 14:36:31.094  INFO 12868 --- [PollingServerListUpdater-0] c.netflix.config.ChainedDynamicProperty  : Flipping property: PAYMENT-SERVICE.ribbon.ActiveConnectionsLimit to use NEXT property: niws.loadbalancer.availabilityFilteringRule.activeConnectionsLimit = 2147483647
2020-04-12 14:37:23.808  INFO 12868 --- [http-nio-9192-exec-3] com.example.os.api.service.OrderService  : Order Service request : {"order":{"id":26,"name":"earphone","qty":5,"price":4000.0},"payment":{"paymentId":0,"paymentStatus":null,"transactionId":null,"orderId":26,"amount":4000.0}}
2020-04-12 14:37:23.834  INFO 10176 --- [http-nio-9191-exec-2] c.example.ps.api.service.PaymentService  : Payment Service request : {"paymentId":0,"paymentStatus":"false","transactionId":"ef1f7261-7e02-4922-bafe-d2cfbbacbf00","orderId":26,"amount":4000.0}
2020-04-12 14:37:23.853  INFO 12868 --- [http-nio-9192-exec-3] com.example.os.api.service.OrderService  : Payment-Service response from Order Service rest call : {"paymentId":2,"paymentStatus":"false","transactionId":"ef1f7261-7e02-4922-bafe-d2cfbbacbf00","orderId":26,"amount":4000.0}
2020-04-12 14:37:31.081  INFO 12868 --- [http-nio-9192-exec-4] com.example.os.api.service.OrderService  : Order Service request : {"order":{"id":26,"name":"earphone","qty":5,"price":4000.0},"payment":{"paymentId":0,"paymentStatus":null,"transactionId":null,"orderId":26,"amount":4000.0}}
2020-04-12 14:37:31.094  INFO 10176 --- [http-nio-9191-exec-3] c.example.ps.api.service.PaymentService  : Payment Service request : {"paymentId":0,"paymentStatus":"Success","transactionId":"99477b2b-178d-4471-a305-bd0704748a57","orderId":26,"amount":4000.0}
2020-04-12 14:37:31.100  INFO 12868 --- [http-nio-9192-exec-4] com.example.os.api.service.OrderService  : Payment-Service response from Order Service rest call : {"paymentId":3,"paymentStatus":"Success","transactionId":"99477b2b-178d-4471-a305-bd0704748a57","orderId":26,"amount":4000.0}
2020-04-12 14:39:09.539  INFO 12868 --- [http-nio-9192-exec-5] com.example.os.api.service.OrderService  : Order Service request : {"order":{"id":999,"name":"mobile","qty":5,"price":4000.0},"payment":{"paymentId":0,"paymentStatus":null,"transactionId":null,"orderId":999,"amount":4000.0}}
2020-04-12 14:39:09.552  INFO 10176 --- [http-nio-9191-exec-5] c.example.ps.api.service.PaymentService  : Payment Service request : {"paymentId":0,"paymentStatus":"Success","transactionId":"33e119e5-c0e6-47ef-812f-ffda26731f84","orderId":999,"amount":4000.0}
2020-04-12 14:39:09.559  INFO 12868 --- [http-nio-9192-exec-5] com.example.os.api.service.OrderService  : Payment-Service response from Order Service rest call : {"paymentId":4,"paymentStatus":"Success","transactionId":"33e119e5-c0e6-47ef-812f-ffda26731f84","orderId":999,"amount":4000.0}
2020-04-12 14:39:24.492  INFO 10176 --- [http-nio-9191-exec-6] c.example.ps.api.service.PaymentService  : Payment Service findPaymentHistoryByOrderId : {"paymentId":4,"paymentStatus":"Success","transactionId":"33e119e5-c0e6-47ef-812f-ffda26731f84","orderId":999,"amount":4000.0}
2020-04-12 14:40:48.041  INFO 12868 --- [AsyncResolver-bootstrap-executor-0] c.n.d.s.r.aws.ConfigClusterResolver      : Resolving eureka endpoints via configuration
2020-04-12 14:40:48.042  INFO 10176 --- [AsyncResolver-bootstrap-executor-0] c.n.d.s.r.aws.ConfigClusterResolver      : Resolving eureka endpoints via configuration
2020-04-12 14:41:45.642  INFO 10176 --- [http-nio-9191-exec-8] c.example.ps.api.service.PaymentService  : Payment Service findPaymentHistoryByOrderId : {"paymentId":4,"paymentStatus":"Success","transactionId":"33e119e5-c0e6-47ef-812f-ffda26731f84","orderId":999,"amount":4000.0}
2020-04-12 14:45:48.045  INFO 12868 --- [AsyncResolver-bootstrap-executor-0] c.n.d.s.r.aws.ConfigClusterResolver      : Resolving eureka endpoints via configuration
2020-04-12 14:45:48.046  INFO 10176 --- [AsyncResolver-bootstrap-executor-0] c.n.d.s.r.aws.ConfigClusterResolver      : Resolving eureka endpoints via configuration
2020-04-12 14:47:09.010  INFO 12868 --- [RMI TCP Connection(26)-127.0.0.1] inMXBeanRegistrar$SpringApplicationAdmin : Application shutdown requested.
2020-04-12 14:47:09.143  INFO 12868 --- [RMI TCP Connection(26)-127.0.0.1] o.s.c.n.e.s.EurekaServiceRegistry        : Unregistering application ORDER-SERVICE with eureka with status DOWN
2020-04-12 14:47:09.143  WARN 12868 --- [RMI TCP Connection(26)-127.0.0.1] com.netflix.discovery.DiscoveryClient    : Saw local status change event StatusChangeEvent [timestamp=1586683029143, current=DOWN, previous=UP]
2020-04-12 14:47:09.144  INFO 12868 --- [DiscoveryClient-InstanceInfoReplicator-0] com.netflix.discovery.DiscoveryClient    : DiscoveryClient_ORDER-SERVICE/DESKTOP-TQ58HNN:ORDER-SERVICE:9192: registering service...
2020-04-12 14:47:09.206  INFO 12868 --- [RMI TCP Connection(26)-127.0.0.1] c.n.u.concurrent.ShutdownEnabledTimer    : Shutdown hook removed for: NFLoadBalancer-PingTimer-PAYMENT-SERVICE
2020-04-12 14:47:09.207  INFO 12868 --- [DiscoveryClient-InstanceInfoReplicator-0] com.netflix.discovery.DiscoveryClient    : DiscoveryClient_ORDER-SERVICE/DESKTOP-TQ58HNN:ORDER-SERVICE:9192 - registration status: 204
2020-04-12 14:47:09.336  INFO 12868 --- [RMI TCP Connection(26)-127.0.0.1] o.s.s.concurrent.ThreadPoolTaskExecutor  : Shutting down ExecutorService 'applicationTaskExecutor'
2020-04-12 14:47:09.358  INFO 12868 --- [RMI TCP Connection(26)-127.0.0.1] j.LocalContainerEntityManagerFactoryBean : Closing JPA EntityManagerFactory for persistence unit 'default'
2020-04-12 14:47:09.391  INFO 12868 --- [RMI TCP Connection(26)-127.0.0.1] .SchemaDropperImpl$DelayedDropActionImpl : HHH000477: Starting delayed evictData of schema as part of SessionFactory shut-down'
2020-04-12 14:47:09.963  WARN 12868 --- [RMI TCP Connection(26)-127.0.0.1] o.s.b.f.support.DisposableBeanAdapter    : Invocation of destroy method failed on bean with name 'inMemoryDatabaseShutdownExecutor': org.h2.jdbc.JdbcSQLNonTransientConnectionException: Database is already closed (to disable automatic closing at VM shutdown, add ";DB_CLOSE_ON_EXIT=FALSE" to the db URL) [90121-200]
2020-04-12 14:47:09.965  INFO 12868 --- [RMI TCP Connection(26)-127.0.0.1] com.zaxxer.hikari.HikariDataSource       : HikariPool-1 - Shutdown initiated...
2020-04-12 14:47:10.001  INFO 12868 --- [RMI TCP Connection(26)-127.0.0.1] com.zaxxer.hikari.HikariDataSource       : HikariPool-1 - Shutdown completed.
2020-04-12 14:47:10.002  INFO 12868 --- [RMI TCP Connection(26)-127.0.0.1] com.netflix.discovery.DiscoveryClient    : Shutting down DiscoveryClient ...
2020-04-12 14:47:13.023  INFO 12868 --- [RMI TCP Connection(26)-127.0.0.1] com.netflix.discovery.DiscoveryClient    : Unregistering ...
2020-04-12 14:47:13.053  INFO 12868 --- [RMI TCP Connection(26)-127.0.0.1] com.netflix.discovery.DiscoveryClient    : DiscoveryClient_ORDER-SERVICE/DESKTOP-TQ58HNN:ORDER-SERVICE:9192 - deregister  status: 200
2020-04-12 14:47:13.133  INFO 12868 --- [RMI TCP Connection(26)-127.0.0.1] com.netflix.discovery.DiscoveryClient    : Completed shut down of DiscoveryClient
2020-04-12 14:47:13.388  INFO 12868 --- [RMI TCP Connection(26)-127.0.0.1] o.apache.catalina.core.StandardService   : Stopping service [Tomcat]
2020-04-12 14:47:13.400  INFO 12868 --- [RMI TCP Connection(26)-127.0.0.1] o.a.c.c.C.[Tomcat].[localhost].[/]       : Destroying Spring FrameworkServlet 'dispatcherServlet'
2020-04-12 14:47:13.443  WARN 12868 --- [RMI TCP Connection(26)-127.0.0.1] o.a.c.loader.WebappClassLoaderBase       : The web application [ROOT] appears to have started a thread named [PollingServerListUpdater-0] but has failed to stop it. This is very likely to create a memory leak. Stack trace of thread:
 sun.misc.Unsafe.park(Native Method)
 java.util.concurrent.locks.LockSupport.parkNanos(Unknown Source)
 java.util.concurrent.locks.AbstractQueuedSynchronizer$ConditionObject.awaitNanos(Unknown Source)
 java.util.concurrent.ScheduledThreadPoolExecutor$DelayedWorkQueue.take(Unknown Source)
 java.util.concurrent.ScheduledThreadPoolExecutor$DelayedWorkQueue.take(Unknown Source)
 java.util.concurrent.ThreadPoolExecutor.getTask(Unknown Source)
 java.util.concurrent.ThreadPoolExecutor.runWorker(Unknown Source)
 java.util.concurrent.ThreadPoolExecutor$Worker.run(Unknown Source)
 java.lang.Thread.run(Unknown Source)
2020-04-12 14:47:13.445  WARN 12868 --- [RMI TCP Connection(26)-127.0.0.1] o.a.c.loader.WebappClassLoaderBase       : The web application [ROOT] appears to have started a thread named [DataPublisher] but has failed to stop it. This is very likely to create a memory leak. Stack trace of thread:
 sun.misc.Unsafe.park(Native Method)
 java.util.concurrent.locks.LockSupport.parkNanos(Unknown Source)
 java.util.concurrent.locks.AbstractQueuedSynchronizer$ConditionObject.awaitNanos(Unknown Source)
 java.util.concurrent.ScheduledThreadPoolExecutor$DelayedWorkQueue.take(Unknown Source)
 java.util.concurrent.ScheduledThreadPoolExecutor$DelayedWorkQueue.take(Unknown Source)
 java.util.concurrent.ThreadPoolExecutor.getTask(Unknown Source)
 java.util.concurrent.ThreadPoolExecutor.runWorker(Unknown Source)
 java.util.concurrent.ThreadPoolExecutor$Worker.run(Unknown Source)
 java.lang.Thread.run(Unknown Source)
2020-04-12 14:47:13.447  WARN 12868 --- [RMI TCP Connection(26)-127.0.0.1] o.a.c.loader.WebappClassLoaderBase       : The web application [ROOT] appears to have started a thread named [PollingServerListUpdater-1] but has failed to stop it. This is very likely to create a memory leak. Stack trace of thread:
 sun.misc.Unsafe.park(Native Method)
 java.util.concurrent.locks.LockSupport.park(Unknown Source)
 java.util.concurrent.locks.AbstractQueuedSynchronizer$ConditionObject.await(Unknown Source)
 java.util.concurrent.ScheduledThreadPoolExecutor$DelayedWorkQueue.take(Unknown Source)
 java.util.concurrent.ScheduledThreadPoolExecutor$DelayedWorkQueue.take(Unknown Source)
 java.util.concurrent.ThreadPoolExecutor.getTask(Unknown Source)
 java.util.concurrent.ThreadPoolExecutor.runWorker(Unknown Source)
 java.util.concurrent.ThreadPoolExecutor$Worker.run(Unknown Source)
 java.lang.Thread.run(Unknown Source)
2020-04-12 14:47:13.555  INFO 12868 --- [Thread-19] c.n.l.PollingServerListUpdater           : Shutting down the Executor Pool for PollingServerListUpdater
2020-04-12 14:47:18.385  INFO 10176 --- [RMI TCP Connection(26)-127.0.0.1] inMXBeanRegistrar$SpringApplicationAdmin : Application shutdown requested.
2020-04-12 14:47:18.511  INFO 10176 --- [RMI TCP Connection(26)-127.0.0.1] o.s.c.n.e.s.EurekaServiceRegistry        : Unregistering application PAYMENT-SERVICE with eureka with status DOWN
2020-04-12 14:47:18.512  WARN 10176 --- [RMI TCP Connection(26)-127.0.0.1] com.netflix.discovery.DiscoveryClient    : Saw local status change event StatusChangeEvent [timestamp=1586683038512, current=DOWN, previous=UP]
2020-04-12 14:47:18.514  INFO 10176 --- [DiscoveryClient-InstanceInfoReplicator-0] com.netflix.discovery.DiscoveryClient    : DiscoveryClient_PAYMENT-SERVICE/DESKTOP-TQ58HNN:PAYMENT-SERVICE:9191: registering service...
2020-04-12 14:47:18.603  INFO 10176 --- [DiscoveryClient-InstanceInfoReplicator-0] com.netflix.discovery.DiscoveryClient    : DiscoveryClient_PAYMENT-SERVICE/DESKTOP-TQ58HNN:PAYMENT-SERVICE:9191 - registration status: 204
2020-04-12 14:47:18.766  INFO 10176 --- [RMI TCP Connection(26)-127.0.0.1] o.s.s.concurrent.ThreadPoolTaskExecutor  : Shutting down ExecutorService 'applicationTaskExecutor'
2020-04-12 14:47:18.780  INFO 10176 --- [RMI TCP Connection(26)-127.0.0.1] j.LocalContainerEntityManagerFactoryBean : Closing JPA EntityManagerFactory for persistence unit 'default'
2020-04-12 14:47:18.785  INFO 10176 --- [RMI TCP Connection(26)-127.0.0.1] .SchemaDropperImpl$DelayedDropActionImpl : HHH000477: Starting delayed evictData of schema as part of SessionFactory shut-down'
2020-04-12 14:47:19.155  WARN 10176 --- [RMI TCP Connection(26)-127.0.0.1] o.s.b.f.support.DisposableBeanAdapter    : Invocation of destroy method failed on bean with name 'inMemoryDatabaseShutdownExecutor': org.h2.jdbc.JdbcSQLNonTransientConnectionException: Database is already closed (to disable automatic closing at VM shutdown, add ";DB_CLOSE_ON_EXIT=FALSE" to the db URL) [90121-200]
2020-04-12 14:47:19.157  INFO 10176 --- [RMI TCP Connection(26)-127.0.0.1] com.zaxxer.hikari.HikariDataSource       : HikariPool-1 - Shutdown initiated...
2020-04-12 14:47:19.175  INFO 10176 --- [RMI TCP Connection(26)-127.0.0.1] com.zaxxer.hikari.HikariDataSource       : HikariPool-1 - Shutdown completed.
2020-04-12 14:47:19.178  INFO 10176 --- [RMI TCP Connection(26)-127.0.0.1] com.netflix.discovery.DiscoveryClient    : Shutting down DiscoveryClient ...
2020-04-12 14:47:22.234  INFO 10176 --- [RMI TCP Connection(26)-127.0.0.1] com.netflix.discovery.DiscoveryClient    : Unregistering ...
2020-04-12 14:47:24.147  INFO 10176 --- [RMI TCP Connection(26)-127.0.0.1] com.netflix.discovery.DiscoveryClient    : DiscoveryClient_PAYMENT-SERVICE/DESKTOP-TQ58HNN:PAYMENT-SERVICE:9191 - deregister  status: 200
2020-04-12 14:47:24.213  INFO 10176 --- [RMI TCP Connection(26)-127.0.0.1] com.netflix.discovery.DiscoveryClient    : Completed shut down of DiscoveryClient
2020-04-12 14:47:24.728  INFO 10176 --- [RMI TCP Connection(26)-127.0.0.1] o.apache.catalina.core.StandardService   : Stopping service [Tomcat]
2020-04-12 14:47:24.763  INFO 10176 --- [RMI TCP Connection(26)-127.0.0.1] o.a.c.c.C.[Tomcat].[localhost].[/]       : Destroying Spring FrameworkServlet 'dispatcherServlet'
